Arguments: 
  /home/jp/.nvm/versions/node/v8.17.0/bin/node /usr/share/yarn/bin/yarn.js

PATH: 
  /home/jp/.nvm/versions/node/v8.17.0/bin:/usr/local/sbin:/usr/local/bin:/usr/sbin:/usr/bin:/sbin:/bin:/usr/games:/usr/local/games:/home/jp/bin:/home/jp/Tools/AndroidSDK:/home/jp/Tools/AndroidSDK/tools:/home/jp/Tools/AndroidSDK/tools/bin:/home/jp/Tools/AndroidSDK/platform-tools:/home/jp/bin:/home/jp/Tools/AndroidSDK:/home/jp/Tools/AndroidSDK/tools:/home/jp/Tools/AndroidSDK/tools/bin:/home/jp/Tools/AndroidSDK/platform-tools

Yarn version: 
  1.21.1

Node version: 
  8.17.0

Platform: 
  linux x64

Trace: 
  SyntaxError: /home/jp/Project/capstone/stonecapserver/package.json: Unexpected token } in JSON at position 836
      at JSON.parse (<anonymous>)
      at /usr/share/yarn/lib/cli.js:1625:59
      at Generator.next (<anonymous>)
      at step (/usr/share/yarn/lib/cli.js:310:30)
      at /usr/share/yarn/lib/cli.js:321:13
      at <anonymous>

npm manifest: 
  {
    "name": "stonecapserver",
    "version": "1.0.0",
    "description": "",
    "main": "index.js",
    "scripts": {
      "test": "echo \"Error: no test specified\" && exit 1"
    },
    "repository": {
      "type": "git",
      "url": "git+https://github.com/metalvexis/stonecapserver.git"
    },
    "author": "James Saballegue",
    "license": "ISC",
    "bugs": {
      "url": "https://github.com/metalvexis/stonecapserver/issues"
    },
    "homepage": "https://github.com/metalvexis/stonecapserver#readme",
    "dependencies": {
      "@babel/polyfill": "^7.2.5",
      "bcrypt": "^3.0.3",
      "body-parser": "^1.18.3",
      "date-fns": "^1.30.1",
      "dotenv": "^6.2.0",
      "express": "^4.16.4",
      "faker": "^4.1.0",
      "jsonwebtoken": "^8.4.0",
      "lodash": "^4.17.11",
      "method-override": "^3.0.0",
      "mongoose": "^5.4.6",
      "nodemailer": "^5.1.1",
    },
    "devDependencies": {
      "@babel/cli": "7.2.3",
      "@babel/core": "7.2.2",
      "@babel/preset-env": "7.3.1",
      "babel-eslint": "^10.0.3",
      "babel-plugin-module-resolver": "3.1.3",
      "eslint": "^6.4.0"
    },
    "babel": {
      "presets": [
        [
          "@babel/preset-env",
          {
            "targets": {
              "node": "current"
            }
          }
        ]
      ],
      "plugins": [
        [
          "module-resolver",
          {
            "root": [
              "./src"
            ],
            "alias": {}
          }
        ]
      ],
      "sourceMaps": true,
      "retainLines": true
    }
  }

yarn manifest: 
  No manifest

Lockfile: 
  No lockfile
